{"C:\\Users\\Sandhiya\\Desktop\\SE_Project2\\Unit_Conversion_2024\\code\\conversions\\Currency.js": {"path":"C:\\Users\\Sandhiya\\Desktop\\SE_Project2\\Unit_Conversion_2024\\code\\conversions\\Currency.js","statementMap":{"0":{"start":{"line":12,"column":4},"end":{"line":12,"column":20}},"1":{"start":{"line":13,"column":4},"end":{"line":13,"column":18}},"2":{"start":{"line":21,"column":18},"end":{"line":21,"column":46}},"3":{"start":{"line":22,"column":4},"end":{"line":24,"column":5}},"4":{"start":{"line":23,"column":6},"end":{"line":23,"column":63}},"5":{"start":{"line":25,"column":19},"end":{"line":25,"column":69}},"6":{"start":{"line":26,"column":4},"end":{"line":26,"column":35}},"7":{"start":{"line":30,"column":4},"end":{"line":34,"column":5}},"8":{"start":{"line":31,"column":6},"end":{"line":33,"column":7}},"9":{"start":{"line":35,"column":4},"end":{"line":35,"column":43}},"10":{"start":{"line":44,"column":4},"end":{"line":53,"column":5}},"11":{"start":{"line":45,"column":20},"end":{"line":45,"column":41}},"12":{"start":{"line":46,"column":6},"end":{"line":48,"column":35}},"13":{"start":{"line":47,"column":28},"end":{"line":47,"column":43}},"14":{"start":{"line":48,"column":24},"end":{"line":48,"column":34}},"15":{"start":{"line":50,"column":6},"end":{"line":52,"column":35}},"16":{"start":{"line":51,"column":28},"end":{"line":51,"column":43}},"17":{"start":{"line":52,"column":24},"end":{"line":52,"column":34}},"18":{"start":{"line":64,"column":4},"end":{"line":64,"column":40}},"19":{"start":{"line":65,"column":4},"end":{"line":110,"column":5}},"20":{"start":{"line":67,"column":8},"end":{"line":67,"column":23}},"21":{"start":{"line":69,"column":8},"end":{"line":71,"column":10}},"22":{"start":{"line":70,"column":10},"end":{"line":70,"column":22}},"23":{"start":{"line":72,"column":8},"end":{"line":72,"column":30}},"24":{"start":{"line":74,"column":8},"end":{"line":76,"column":10}},"25":{"start":{"line":75,"column":10},"end":{"line":75,"column":22}},"26":{"start":{"line":77,"column":8},"end":{"line":77,"column":30}},"27":{"start":{"line":79,"column":8},"end":{"line":81,"column":10}},"28":{"start":{"line":80,"column":10},"end":{"line":80,"column":22}},"29":{"start":{"line":82,"column":8},"end":{"line":82,"column":30}},"30":{"start":{"line":84,"column":8},"end":{"line":86,"column":10}},"31":{"start":{"line":85,"column":10},"end":{"line":85,"column":22}},"32":{"start":{"line":87,"column":8},"end":{"line":87,"column":30}},"33":{"start":{"line":89,"column":8},"end":{"line":91,"column":10}},"34":{"start":{"line":90,"column":10},"end":{"line":90,"column":22}},"35":{"start":{"line":92,"column":8},"end":{"line":92,"column":30}},"36":{"start":{"line":94,"column":8},"end":{"line":96,"column":10}},"37":{"start":{"line":95,"column":10},"end":{"line":95,"column":22}},"38":{"start":{"line":97,"column":8},"end":{"line":97,"column":30}},"39":{"start":{"line":99,"column":8},"end":{"line":101,"column":10}},"40":{"start":{"line":100,"column":10},"end":{"line":100,"column":22}},"41":{"start":{"line":102,"column":8},"end":{"line":102,"column":30}},"42":{"start":{"line":104,"column":8},"end":{"line":106,"column":10}},"43":{"start":{"line":105,"column":10},"end":{"line":105,"column":22}},"44":{"start":{"line":107,"column":8},"end":{"line":107,"column":30}},"45":{"start":{"line":109,"column":8},"end":{"line":109,"column":19}},"46":{"start":{"line":121,"column":14},"end":{"line":121,"column":16}},"47":{"start":{"line":123,"column":4},"end":{"line":176,"column":5}},"48":{"start":{"line":123,"column":17},"end":{"line":123,"column":18}},"49":{"start":{"line":124,"column":6},"end":{"line":175,"column":7}},"50":{"start":{"line":126,"column":10},"end":{"line":126,"column":67}},"51":{"start":{"line":127,"column":10},"end":{"line":127,"column":15}},"52":{"start":{"line":129,"column":10},"end":{"line":131,"column":12}},"53":{"start":{"line":130,"column":12},"end":{"line":130,"column":24}},"54":{"start":{"line":132,"column":10},"end":{"line":132,"column":76}},"55":{"start":{"line":133,"column":10},"end":{"line":133,"column":15}},"56":{"start":{"line":135,"column":10},"end":{"line":137,"column":12}},"57":{"start":{"line":136,"column":12},"end":{"line":136,"column":24}},"58":{"start":{"line":138,"column":10},"end":{"line":138,"column":76}},"59":{"start":{"line":139,"column":10},"end":{"line":139,"column":15}},"60":{"start":{"line":141,"column":10},"end":{"line":143,"column":12}},"61":{"start":{"line":142,"column":12},"end":{"line":142,"column":24}},"62":{"start":{"line":144,"column":10},"end":{"line":144,"column":76}},"63":{"start":{"line":145,"column":10},"end":{"line":145,"column":15}},"64":{"start":{"line":147,"column":10},"end":{"line":149,"column":12}},"65":{"start":{"line":148,"column":12},"end":{"line":148,"column":24}},"66":{"start":{"line":150,"column":10},"end":{"line":150,"column":76}},"67":{"start":{"line":151,"column":10},"end":{"line":151,"column":15}},"68":{"start":{"line":153,"column":10},"end":{"line":155,"column":12}},"69":{"start":{"line":154,"column":12},"end":{"line":154,"column":24}},"70":{"start":{"line":156,"column":10},"end":{"line":156,"column":77}},"71":{"start":{"line":157,"column":10},"end":{"line":157,"column":15}},"72":{"start":{"line":159,"column":10},"end":{"line":161,"column":12}},"73":{"start":{"line":160,"column":12},"end":{"line":160,"column":24}},"74":{"start":{"line":162,"column":10},"end":{"line":162,"column":78}},"75":{"start":{"line":163,"column":10},"end":{"line":163,"column":15}},"76":{"start":{"line":165,"column":10},"end":{"line":167,"column":12}},"77":{"start":{"line":166,"column":12},"end":{"line":166,"column":24}},"78":{"start":{"line":168,"column":10},"end":{"line":168,"column":77}},"79":{"start":{"line":169,"column":10},"end":{"line":169,"column":15}},"80":{"start":{"line":171,"column":10},"end":{"line":173,"column":12}},"81":{"start":{"line":172,"column":12},"end":{"line":172,"column":24}},"82":{"start":{"line":174,"column":10},"end":{"line":174,"column":76}},"83":{"start":{"line":177,"column":4},"end":{"line":177,"column":14}},"84":{"start":{"line":181,"column":0},"end":{"line":183,"column":1}},"85":{"start":{"line":182,"column":2},"end":{"line":182,"column":27}}},"fnMap":{"0":{"name":"(anonymous_0)","decl":{"start":{"line":11,"column":2},"end":{"line":11,"column":3}},"loc":{"start":{"line":11,"column":26},"end":{"line":14,"column":3}},"line":11},"1":{"name":"(anonymous_1)","decl":{"start":{"line":20,"column":2},"end":{"line":20,"column":3}},"loc":{"start":{"line":20,"column":24},"end":{"line":27,"column":3}},"line":20},"2":{"name":"(anonymous_2)","decl":{"start":{"line":29,"column":2},"end":{"line":29,"column":3}},"loc":{"start":{"line":29,"column":39},"end":{"line":36,"column":3}},"line":29},"3":{"name":"(anonymous_3)","decl":{"start":{"line":43,"column":2},"end":{"line":43,"column":3}},"loc":{"start":{"line":43,"column":14},"end":{"line":54,"column":3}},"line":43},"4":{"name":"(anonymous_4)","decl":{"start":{"line":47,"column":14},"end":{"line":47,"column":15}},"loc":{"start":{"line":47,"column":28},"end":{"line":47,"column":43}},"line":47},"5":{"name":"(anonymous_5)","decl":{"start":{"line":48,"column":14},"end":{"line":48,"column":15}},"loc":{"start":{"line":48,"column":24},"end":{"line":48,"column":34}},"line":48},"6":{"name":"(anonymous_6)","decl":{"start":{"line":51,"column":14},"end":{"line":51,"column":15}},"loc":{"start":{"line":51,"column":28},"end":{"line":51,"column":43}},"line":51},"7":{"name":"(anonymous_7)","decl":{"start":{"line":52,"column":14},"end":{"line":52,"column":15}},"loc":{"start":{"line":52,"column":24},"end":{"line":52,"column":34}},"line":52},"8":{"name":"(anonymous_8)","decl":{"start":{"line":62,"column":2},"end":{"line":62,"column":3}},"loc":{"start":{"line":62,"column":41},"end":{"line":111,"column":3}},"line":62},"9":{"name":"(anonymous_9)","decl":{"start":{"line":69,"column":46},"end":{"line":69,"column":47}},"loc":{"start":{"line":69,"column":59},"end":{"line":71,"column":9}},"line":69},"10":{"name":"(anonymous_10)","decl":{"start":{"line":74,"column":46},"end":{"line":74,"column":47}},"loc":{"start":{"line":74,"column":59},"end":{"line":76,"column":9}},"line":74},"11":{"name":"(anonymous_11)","decl":{"start":{"line":79,"column":46},"end":{"line":79,"column":47}},"loc":{"start":{"line":79,"column":59},"end":{"line":81,"column":9}},"line":79},"12":{"name":"(anonymous_12)","decl":{"start":{"line":84,"column":46},"end":{"line":84,"column":47}},"loc":{"start":{"line":84,"column":59},"end":{"line":86,"column":9}},"line":84},"13":{"name":"(anonymous_13)","decl":{"start":{"line":89,"column":46},"end":{"line":89,"column":47}},"loc":{"start":{"line":89,"column":59},"end":{"line":91,"column":9}},"line":89},"14":{"name":"(anonymous_14)","decl":{"start":{"line":94,"column":46},"end":{"line":94,"column":47}},"loc":{"start":{"line":94,"column":59},"end":{"line":96,"column":9}},"line":94},"15":{"name":"(anonymous_15)","decl":{"start":{"line":99,"column":46},"end":{"line":99,"column":47}},"loc":{"start":{"line":99,"column":59},"end":{"line":101,"column":9}},"line":99},"16":{"name":"(anonymous_16)","decl":{"start":{"line":104,"column":46},"end":{"line":104,"column":47}},"loc":{"start":{"line":104,"column":59},"end":{"line":106,"column":9}},"line":104},"17":{"name":"(anonymous_17)","decl":{"start":{"line":120,"column":2},"end":{"line":120,"column":3}},"loc":{"start":{"line":120,"column":48},"end":{"line":178,"column":3}},"line":120},"18":{"name":"(anonymous_18)","decl":{"start":{"line":129,"column":50},"end":{"line":129,"column":51}},"loc":{"start":{"line":129,"column":63},"end":{"line":131,"column":11}},"line":129},"19":{"name":"(anonymous_19)","decl":{"start":{"line":135,"column":50},"end":{"line":135,"column":51}},"loc":{"start":{"line":135,"column":63},"end":{"line":137,"column":11}},"line":135},"20":{"name":"(anonymous_20)","decl":{"start":{"line":141,"column":50},"end":{"line":141,"column":51}},"loc":{"start":{"line":141,"column":63},"end":{"line":143,"column":11}},"line":141},"21":{"name":"(anonymous_21)","decl":{"start":{"line":147,"column":50},"end":{"line":147,"column":51}},"loc":{"start":{"line":147,"column":63},"end":{"line":149,"column":11}},"line":147},"22":{"name":"(anonymous_22)","decl":{"start":{"line":153,"column":50},"end":{"line":153,"column":51}},"loc":{"start":{"line":153,"column":63},"end":{"line":155,"column":11}},"line":153},"23":{"name":"(anonymous_23)","decl":{"start":{"line":159,"column":50},"end":{"line":159,"column":51}},"loc":{"start":{"line":159,"column":63},"end":{"line":161,"column":11}},"line":159},"24":{"name":"(anonymous_24)","decl":{"start":{"line":165,"column":50},"end":{"line":165,"column":51}},"loc":{"start":{"line":165,"column":63},"end":{"line":167,"column":11}},"line":165},"25":{"name":"(anonymous_25)","decl":{"start":{"line":171,"column":50},"end":{"line":171,"column":51}},"loc":{"start":{"line":171,"column":63},"end":{"line":173,"column":11}},"line":171}},"branchMap":{"0":{"loc":{"start":{"line":22,"column":4},"end":{"line":24,"column":5}},"type":"if","locations":[{"start":{"line":22,"column":4},"end":{"line":24,"column":5}},{"start":{"line":22,"column":4},"end":{"line":24,"column":5}}],"line":22},"1":{"loc":{"start":{"line":23,"column":13},"end":{"line":23,"column":63}},"type":"cond-expr","locations":[{"start":{"line":23,"column":26},"end":{"line":23,"column":45}},{"start":{"line":23,"column":48},"end":{"line":23,"column":63}}],"line":23},"2":{"loc":{"start":{"line":25,"column":19},"end":{"line":25,"column":69}},"type":"cond-expr","locations":[{"start":{"line":25,"column":32},"end":{"line":25,"column":51}},{"start":{"line":25,"column":54},"end":{"line":25,"column":69}}],"line":25},"3":{"loc":{"start":{"line":30,"column":4},"end":{"line":34,"column":5}},"type":"if","locations":[{"start":{"line":30,"column":4},"end":{"line":34,"column":5}},{"start":{"line":30,"column":4},"end":{"line":34,"column":5}}],"line":30},"4":{"loc":{"start":{"line":44,"column":4},"end":{"line":53,"column":5}},"type":"if","locations":[{"start":{"line":44,"column":4},"end":{"line":53,"column":5}},{"start":{"line":44,"column":4},"end":{"line":53,"column":5}}],"line":44},"5":{"loc":{"start":{"line":65,"column":4},"end":{"line":110,"column":5}},"type":"switch","locations":[{"start":{"line":66,"column":6},"end":{"line":67,"column":23}},{"start":{"line":68,"column":6},"end":{"line":72,"column":30}},{"start":{"line":73,"column":6},"end":{"line":77,"column":30}},{"start":{"line":78,"column":6},"end":{"line":82,"column":30}},{"start":{"line":83,"column":6},"end":{"line":87,"column":30}},{"start":{"line":88,"column":6},"end":{"line":92,"column":30}},{"start":{"line":93,"column":6},"end":{"line":97,"column":30}},{"start":{"line":98,"column":6},"end":{"line":102,"column":30}},{"start":{"line":103,"column":6},"end":{"line":107,"column":30}},{"start":{"line":108,"column":6},"end":{"line":109,"column":19}}],"line":65},"6":{"loc":{"start":{"line":124,"column":6},"end":{"line":175,"column":7}},"type":"switch","locations":[{"start":{"line":125,"column":8},"end":{"line":127,"column":15}},{"start":{"line":128,"column":8},"end":{"line":133,"column":15}},{"start":{"line":134,"column":8},"end":{"line":139,"column":15}},{"start":{"line":140,"column":8},"end":{"line":145,"column":15}},{"start":{"line":146,"column":8},"end":{"line":151,"column":15}},{"start":{"line":152,"column":8},"end":{"line":157,"column":15}},{"start":{"line":158,"column":8},"end":{"line":163,"column":15}},{"start":{"line":164,"column":8},"end":{"line":169,"column":15}},{"start":{"line":170,"column":8},"end":{"line":174,"column":76}}],"line":124},"7":{"loc":{"start":{"line":181,"column":0},"end":{"line":183,"column":1}},"type":"if","locations":[{"start":{"line":181,"column":0},"end":{"line":183,"column":1}},{"start":{"line":181,"column":0},"end":{"line":183,"column":1}}],"line":181}},"s":{"0":10,"1":10,"2":27,"3":27,"4":10,"5":17,"6":17,"7":117,"8":27,"9":90,"10":113,"11":0,"12":0,"13":0,"14":0,"15":113,"16":113,"17":113,"18":11,"19":11,"20":2,"21":1,"22":1,"23":1,"24":1,"25":1,"26":1,"27":1,"28":1,"29":1,"30":1,"31":1,"32":1,"33":1,"34":1,"35":1,"36":1,"37":1,"38":1,"39":1,"40":1,"41":1,"42":1,"43":1,"44":1,"45":1,"46":13,"47":13,"48":13,"49":117,"50":13,"51":13,"52":13,"53":13,"54":13,"55":13,"56":13,"57":13,"58":13,"59":13,"60":13,"61":13,"62":13,"63":13,"64":13,"65":13,"66":13,"67":13,"68":13,"69":13,"70":13,"71":13,"72":13,"73":13,"74":13,"75":13,"76":13,"77":13,"78":13,"79":13,"80":13,"81":13,"82":13,"83":13,"84":1,"85":1},"f":{"0":10,"1":27,"2":117,"3":113,"4":0,"5":0,"6":113,"7":113,"8":11,"9":1,"10":1,"11":1,"12":1,"13":1,"14":1,"15":1,"16":1,"17":13,"18":13,"19":13,"20":13,"21":13,"22":13,"23":13,"24":13,"25":13},"b":{"0":[10,17],"1":[1,9],"2":[17,0],"3":[27,90],"4":[0,113],"5":[2,1,1,1,1,1,1,1,1,1],"6":[13,13,13,13,13,13,13,13,13],"7":[1,0]},"_coverageSchema":"1a1c01bbd47fc00a2c39e90264f33305004495a9","hash":"0686cf16b049db7e7250d3d00969c929ce67b9f7","contentHash":"143464ffbb05edace8fb2cacac330014041d9080167e898a182dbbdf1692fd7e"}
,"C:\\Users\\Sandhiya\\Desktop\\SE_Project2\\Unit_Conversion_2024\\code\\conversions\\Temperature.js": {"path":"C:\\Users\\Sandhiya\\Desktop\\SE_Project2\\Unit_Conversion_2024\\code\\conversions\\Temperature.js","statementMap":{"0":{"start":{"line":12,"column":4},"end":{"line":12,"column":20}},"1":{"start":{"line":13,"column":4},"end":{"line":13,"column":18}},"2":{"start":{"line":22,"column":4},"end":{"line":26,"column":5}},"3":{"start":{"line":23,"column":6},"end":{"line":25,"column":7}},"4":{"start":{"line":27,"column":4},"end":{"line":27,"column":43}},"5":{"start":{"line":36,"column":18},"end":{"line":36,"column":46}},"6":{"start":{"line":37,"column":4},"end":{"line":39,"column":5}},"7":{"start":{"line":38,"column":6},"end":{"line":38,"column":63}},"8":{"start":{"line":40,"column":19},"end":{"line":40,"column":69}},"9":{"start":{"line":41,"column":4},"end":{"line":41,"column":35}},"10":{"start":{"line":46,"column":4},"end":{"line":55,"column":5}},"11":{"start":{"line":48,"column":8},"end":{"line":48,"column":23}},"12":{"start":{"line":50,"column":8},"end":{"line":50,"column":32}},"13":{"start":{"line":52,"column":8},"end":{"line":52,"column":40}},"14":{"start":{"line":54,"column":8},"end":{"line":54,"column":19}},"15":{"start":{"line":66,"column":14},"end":{"line":66,"column":16}},"16":{"start":{"line":67,"column":4},"end":{"line":83,"column":6}},"17":{"start":{"line":68,"column":6},"end":{"line":82,"column":7}},"18":{"start":{"line":70,"column":10},"end":{"line":70,"column":73}},"19":{"start":{"line":71,"column":10},"end":{"line":71,"column":15}},"20":{"start":{"line":73,"column":23},"end":{"line":73,"column":40}},"21":{"start":{"line":74,"column":10},"end":{"line":74,"column":69}},"22":{"start":{"line":75,"column":10},"end":{"line":75,"column":15}},"23":{"start":{"line":78,"column":23},"end":{"line":78,"column":46}},"24":{"start":{"line":79,"column":10},"end":{"line":79,"column":69}},"25":{"start":{"line":80,"column":10},"end":{"line":80,"column":15}},"26":{"start":{"line":85,"column":4},"end":{"line":85,"column":14}},"27":{"start":{"line":89,"column":0},"end":{"line":91,"column":1}},"28":{"start":{"line":90,"column":2},"end":{"line":90,"column":30}}},"fnMap":{"0":{"name":"(anonymous_0)","decl":{"start":{"line":11,"column":2},"end":{"line":11,"column":3}},"loc":{"start":{"line":11,"column":26},"end":{"line":14,"column":3}},"line":11},"1":{"name":"(anonymous_1)","decl":{"start":{"line":21,"column":2},"end":{"line":21,"column":3}},"loc":{"start":{"line":21,"column":39},"end":{"line":28,"column":3}},"line":21},"2":{"name":"(anonymous_2)","decl":{"start":{"line":35,"column":2},"end":{"line":35,"column":3}},"loc":{"start":{"line":35,"column":24},"end":{"line":42,"column":3}},"line":35},"3":{"name":"(anonymous_3)","decl":{"start":{"line":44,"column":2},"end":{"line":44,"column":3}},"loc":{"start":{"line":44,"column":35},"end":{"line":56,"column":3}},"line":44},"4":{"name":"(anonymous_4)","decl":{"start":{"line":65,"column":2},"end":{"line":65,"column":3}},"loc":{"start":{"line":65,"column":42},"end":{"line":86,"column":3}},"line":65},"5":{"name":"(anonymous_5)","decl":{"start":{"line":67,"column":21},"end":{"line":67,"column":22}},"loc":{"start":{"line":67,"column":28},"end":{"line":83,"column":5}},"line":67}},"branchMap":{"0":{"loc":{"start":{"line":22,"column":4},"end":{"line":26,"column":5}},"type":"if","locations":[{"start":{"line":22,"column":4},"end":{"line":26,"column":5}},{"start":{"line":22,"column":4},"end":{"line":26,"column":5}}],"line":22},"1":{"loc":{"start":{"line":37,"column":4},"end":{"line":39,"column":5}},"type":"if","locations":[{"start":{"line":37,"column":4},"end":{"line":39,"column":5}},{"start":{"line":37,"column":4},"end":{"line":39,"column":5}}],"line":37},"2":{"loc":{"start":{"line":38,"column":13},"end":{"line":38,"column":63}},"type":"cond-expr","locations":[{"start":{"line":38,"column":26},"end":{"line":38,"column":45}},{"start":{"line":38,"column":48},"end":{"line":38,"column":63}}],"line":38},"3":{"loc":{"start":{"line":40,"column":19},"end":{"line":40,"column":69}},"type":"cond-expr","locations":[{"start":{"line":40,"column":32},"end":{"line":40,"column":51}},{"start":{"line":40,"column":54},"end":{"line":40,"column":69}}],"line":40},"4":{"loc":{"start":{"line":46,"column":4},"end":{"line":55,"column":5}},"type":"switch","locations":[{"start":{"line":47,"column":6},"end":{"line":48,"column":23}},{"start":{"line":49,"column":6},"end":{"line":50,"column":32}},{"start":{"line":51,"column":6},"end":{"line":52,"column":40}},{"start":{"line":53,"column":6},"end":{"line":54,"column":19}}],"line":46},"5":{"loc":{"start":{"line":68,"column":6},"end":{"line":82,"column":7}},"type":"switch","locations":[{"start":{"line":69,"column":8},"end":{"line":71,"column":15}},{"start":{"line":72,"column":8},"end":{"line":76,"column":9}},{"start":{"line":77,"column":8},"end":{"line":81,"column":9}}],"line":68},"6":{"loc":{"start":{"line":89,"column":0},"end":{"line":91,"column":1}},"type":"if","locations":[{"start":{"line":89,"column":0},"end":{"line":91,"column":1}},{"start":{"line":89,"column":0},"end":{"line":91,"column":1}}],"line":89}},"s":{"0":14,"1":14,"2":38,"3":15,"4":23,"5":15,"6":15,"7":5,"8":10,"9":10,"10":6,"11":2,"12":1,"13":1,"14":2,"15":18,"16":18,"17":38,"18":14,"19":14,"20":12,"21":12,"22":12,"23":12,"24":12,"25":12,"26":18,"27":1,"28":1},"f":{"0":14,"1":38,"2":15,"3":6,"4":18,"5":38},"b":{"0":[15,23],"1":[5,10],"2":[5,0],"3":[10,0],"4":[2,1,1,2],"5":[14,12,12],"6":[1,0]},"_coverageSchema":"1a1c01bbd47fc00a2c39e90264f33305004495a9","hash":"40570d1c69a2014aab5ed3c74ecbc44aef053843","contentHash":"06fdf79e074c553ca5f3db0048e77d8b9fae70ff4dd62a9e137199ab5b3e229d"}
,"C:\\Users\\Sandhiya\\Desktop\\SE_Project2\\Unit_Conversion_2024\\code\\conversions\\TimeZone.js": {"path":"C:\\Users\\Sandhiya\\Desktop\\SE_Project2\\Unit_Conversion_2024\\code\\conversions\\TimeZone.js","statementMap":{"0":{"start":{"line":2,"column":0},"end":{"line":2,"column":134}},"1":{"start":{"line":3,"column":0},"end":{"line":3,"column":14}},"2":{"start":{"line":4,"column":0},"end":{"line":4,"column":9}},"3":{"start":{"line":5,"column":0},"end":{"line":5,"column":16}},"4":{"start":{"line":6,"column":0},"end":{"line":37,"column":1}},"5":{"start":{"line":40,"column":20},"end":{"line":40,"column":60}},"6":{"start":{"line":41,"column":24},"end":{"line":41,"column":83}},"7":{"start":{"line":42,"column":2},"end":{"line":42,"column":22}},"8":{"start":{"line":46,"column":23},"end":{"line":46,"column":97}},"9":{"start":{"line":46,"column":51},"end":{"line":46,"column":96}},"10":{"start":{"line":47,"column":2},"end":{"line":47,"column":53}},"11":{"start":{"line":50,"column":16},"end":{"line":50,"column":64}},"12":{"start":{"line":50,"column":43},"end":{"line":50,"column":63}},"13":{"start":{"line":51,"column":2},"end":{"line":54,"column":3}},"14":{"start":{"line":52,"column":19},"end":{"line":52,"column":42}},"15":{"start":{"line":53,"column":4},"end":{"line":53,"column":17}},"16":{"start":{"line":56,"column":23},"end":{"line":56,"column":97}},"17":{"start":{"line":56,"column":51},"end":{"line":56,"column":96}},"18":{"start":{"line":57,"column":2},"end":{"line":57,"column":50}},"19":{"start":{"line":61,"column":24},"end":{"line":61,"column":49}},"20":{"start":{"line":64,"column":20},"end":{"line":64,"column":47}},"21":{"start":{"line":65,"column":14},"end":{"line":65,"column":40}},"22":{"start":{"line":66,"column":18},"end":{"line":66,"column":44}},"23":{"start":{"line":68,"column":2},"end":{"line":71,"column":3}},"24":{"start":{"line":69,"column":4},"end":{"line":69,"column":15}},"25":{"start":{"line":70,"column":4},"end":{"line":70,"column":15}},"26":{"start":{"line":73,"column":16},"end":{"line":73,"column":26}},"27":{"start":{"line":75,"column":2},"end":{"line":75,"column":23}},"28":{"start":{"line":76,"column":2},"end":{"line":76,"column":27}},"29":{"start":{"line":77,"column":2},"end":{"line":77,"column":21}},"30":{"start":{"line":79,"column":2},"end":{"line":79,"column":14}},"31":{"start":{"line":83,"column":2},"end":{"line":83,"column":29}},"32":{"start":{"line":84,"column":12},"end":{"line":84,"column":14}},"33":{"start":{"line":85,"column":25},"end":{"line":136,"column":4}},"34":{"start":{"line":87,"column":4},"end":{"line":87,"column":38}},"35":{"start":{"line":89,"column":4},"end":{"line":89,"column":56}},"36":{"start":{"line":92,"column":4},"end":{"line":94,"column":6}},"37":{"start":{"line":93,"column":6},"end":{"line":93,"column":54}},"38":{"start":{"line":97,"column":24},"end":{"line":97,"column":56}},"39":{"start":{"line":97,"column":38},"end":{"line":97,"column":55}},"40":{"start":{"line":98,"column":4},"end":{"line":104,"column":6}},"41":{"start":{"line":99,"column":25},"end":{"line":99,"column":78}},"42":{"start":{"line":99,"column":56},"end":{"line":99,"column":77}},"43":{"start":{"line":100,"column":6},"end":{"line":103,"column":7}},"44":{"start":{"line":101,"column":8},"end":{"line":101,"column":26}},"45":{"start":{"line":102,"column":8},"end":{"line":102,"column":62}},"46":{"start":{"line":105,"column":4},"end":{"line":108,"column":5}},"47":{"start":{"line":107,"column":6},"end":{"line":107,"column":71}},"48":{"start":{"line":110,"column":4},"end":{"line":113,"column":5}},"49":{"start":{"line":111,"column":6},"end":{"line":111,"column":51}},"50":{"start":{"line":112,"column":6},"end":{"line":112,"column":38}},"51":{"start":{"line":115,"column":23},"end":{"line":115,"column":38}},"52":{"start":{"line":116,"column":17},"end":{"line":116,"column":19}},"53":{"start":{"line":118,"column":4},"end":{"line":123,"column":5}},"54":{"start":{"line":119,"column":6},"end":{"line":119,"column":69}},"55":{"start":{"line":120,"column":6},"end":{"line":120,"column":40}},"56":{"start":{"line":122,"column":6},"end":{"line":122,"column":30}},"57":{"start":{"line":125,"column":4},"end":{"line":135,"column":5}},"58":{"start":{"line":126,"column":6},"end":{"line":132,"column":8}},"59":{"start":{"line":127,"column":8},"end":{"line":131,"column":9}},"60":{"start":{"line":128,"column":32},"end":{"line":128,"column":74}},"61":{"start":{"line":130,"column":10},"end":{"line":130,"column":80}},"62":{"start":{"line":134,"column":6},"end":{"line":134,"column":37}},"63":{"start":{"line":137,"column":2},"end":{"line":137,"column":12}},"64":{"start":{"line":143,"column":0},"end":{"line":145,"column":1}}},"fnMap":{"0":{"name":"convertTime","decl":{"start":{"line":39,"column":9},"end":{"line":39,"column":20}},"loc":{"start":{"line":39,"column":59},"end":{"line":43,"column":1}},"line":39},"1":{"name":"getTzString","decl":{"start":{"line":45,"column":9},"end":{"line":45,"column":20}},"loc":{"start":{"line":45,"column":26},"end":{"line":48,"column":1}},"line":45},"2":{"name":"(anonymous_2)","decl":{"start":{"line":46,"column":43},"end":{"line":46,"column":44}},"loc":{"start":{"line":46,"column":51},"end":{"line":46,"column":96}},"line":46},"3":{"name":"getTzOffset","decl":{"start":{"line":49,"column":9},"end":{"line":49,"column":20}},"loc":{"start":{"line":49,"column":26},"end":{"line":58,"column":1}},"line":49},"4":{"name":"(anonymous_4)","decl":{"start":{"line":50,"column":36},"end":{"line":50,"column":37}},"loc":{"start":{"line":50,"column":43},"end":{"line":50,"column":63}},"line":50},"5":{"name":"(anonymous_5)","decl":{"start":{"line":56,"column":43},"end":{"line":56,"column":44}},"loc":{"start":{"line":56,"column":51},"end":{"line":56,"column":96}},"line":56},"6":{"name":"getDateIfNotExist","decl":{"start":{"line":60,"column":9},"end":{"line":60,"column":26}},"loc":{"start":{"line":60,"column":44},"end":{"line":80,"column":1}},"line":60},"7":{"name":"getAllTimeConversions","decl":{"start":{"line":82,"column":9},"end":{"line":82,"column":30}},"loc":{"start":{"line":82,"column":45},"end":{"line":138,"column":1}},"line":82},"8":{"name":"(anonymous_8)","decl":{"start":{"line":85,"column":41},"end":{"line":85,"column":42}},"loc":{"start":{"line":85,"column":50},"end":{"line":136,"column":3}},"line":85},"9":{"name":"(anonymous_9)","decl":{"start":{"line":92,"column":19},"end":{"line":92,"column":20}},"loc":{"start":{"line":92,"column":27},"end":{"line":94,"column":5}},"line":92},"10":{"name":"(anonymous_10)","decl":{"start":{"line":97,"column":33},"end":{"line":97,"column":34}},"loc":{"start":{"line":97,"column":38},"end":{"line":97,"column":55}},"line":97},"11":{"name":"(anonymous_11)","decl":{"start":{"line":98,"column":22},"end":{"line":98,"column":23}},"loc":{"start":{"line":98,"column":34},"end":{"line":104,"column":5}},"line":98},"12":{"name":"(anonymous_12)","decl":{"start":{"line":99,"column":47},"end":{"line":99,"column":48}},"loc":{"start":{"line":99,"column":56},"end":{"line":99,"column":77}},"line":99},"13":{"name":"(anonymous_13)","decl":{"start":{"line":126,"column":24},"end":{"line":126,"column":25}},"loc":{"start":{"line":126,"column":34},"end":{"line":132,"column":7}},"line":126}},"branchMap":{"0":{"loc":{"start":{"line":46,"column":51},"end":{"line":46,"column":96}},"type":"binary-expr","locations":[{"start":{"line":46,"column":51},"end":{"line":46,"column":76}},{"start":{"line":46,"column":80},"end":{"line":46,"column":96}}],"line":46},"1":{"loc":{"start":{"line":47,"column":9},"end":{"line":47,"column":53}},"type":"cond-expr","locations":[{"start":{"line":47,"column":24},"end":{"line":47,"column":46}},{"start":{"line":47,"column":49},"end":{"line":47,"column":53}}],"line":47},"2":{"loc":{"start":{"line":51,"column":2},"end":{"line":54,"column":3}},"type":"if","locations":[{"start":{"line":51,"column":2},"end":{"line":54,"column":3}},{"start":{"line":51,"column":2},"end":{"line":54,"column":3}}],"line":51},"3":{"loc":{"start":{"line":56,"column":51},"end":{"line":56,"column":96}},"type":"binary-expr","locations":[{"start":{"line":56,"column":51},"end":{"line":56,"column":76}},{"start":{"line":56,"column":80},"end":{"line":56,"column":96}}],"line":56},"4":{"loc":{"start":{"line":57,"column":9},"end":{"line":57,"column":50}},"type":"cond-expr","locations":[{"start":{"line":57,"column":24},"end":{"line":57,"column":43}},{"start":{"line":57,"column":46},"end":{"line":57,"column":50}}],"line":57},"5":{"loc":{"start":{"line":68,"column":2},"end":{"line":71,"column":3}},"type":"if","locations":[{"start":{"line":68,"column":2},"end":{"line":71,"column":3}},{"start":{"line":68,"column":2},"end":{"line":71,"column":3}}],"line":68},"6":{"loc":{"start":{"line":100,"column":6},"end":{"line":103,"column":7}},"type":"if","locations":[{"start":{"line":100,"column":6},"end":{"line":103,"column":7}},{"start":{"line":100,"column":6},"end":{"line":103,"column":7}}],"line":100},"7":{"loc":{"start":{"line":105,"column":4},"end":{"line":108,"column":5}},"type":"if","locations":[{"start":{"line":105,"column":4},"end":{"line":108,"column":5}},{"start":{"line":105,"column":4},"end":{"line":108,"column":5}}],"line":105},"8":{"loc":{"start":{"line":110,"column":4},"end":{"line":113,"column":5}},"type":"if","locations":[{"start":{"line":110,"column":4},"end":{"line":113,"column":5}},{"start":{"line":110,"column":4},"end":{"line":113,"column":5}}],"line":110},"9":{"loc":{"start":{"line":118,"column":4},"end":{"line":123,"column":5}},"type":"if","locations":[{"start":{"line":118,"column":4},"end":{"line":123,"column":5}},{"start":{"line":118,"column":4},"end":{"line":123,"column":5}}],"line":118},"10":{"loc":{"start":{"line":125,"column":4},"end":{"line":135,"column":5}},"type":"if","locations":[{"start":{"line":125,"column":4},"end":{"line":135,"column":5}},{"start":{"line":125,"column":4},"end":{"line":135,"column":5}}],"line":125},"11":{"loc":{"start":{"line":127,"column":8},"end":{"line":131,"column":9}},"type":"if","locations":[{"start":{"line":127,"column":8},"end":{"line":131,"column":9}},{"start":{"line":127,"column":8},"end":{"line":131,"column":9}}],"line":127}},"s":{"0":1,"1":1,"2":1,"3":1,"4":1,"5":4,"6":4,"7":4,"8":1,"9":1,"10":1,"11":1,"12":5,"13":1,"14":0,"15":0,"16":1,"17":1,"18":1,"19":0,"20":0,"21":0,"22":0,"23":0,"24":0,"25":0,"26":0,"27":0,"28":0,"29":0,"30":0,"31":1,"32":1,"33":1,"34":1,"35":1,"36":1,"37":1,"38":1,"39":14,"40":1,"41":5,"42":16,"43":5,"44":1,"45":1,"46":1,"47":0,"48":1,"49":0,"50":0,"51":1,"52":1,"53":1,"54":0,"55":0,"56":1,"57":1,"58":1,"59":5,"60":4,"61":4,"62":0,"63":1,"64":1},"f":{"0":4,"1":1,"2":1,"3":1,"4":5,"5":1,"6":0,"7":1,"8":1,"9":1,"10":14,"11":5,"12":16,"13":5},"b":{"0":[1,0],"1":[1,0],"2":[0,1],"3":[1,0],"4":[1,0],"5":[0,0],"6":[1,4],"7":[0,1],"8":[0,1],"9":[0,1],"10":[1,0],"11":[4,1]},"_coverageSchema":"1a1c01bbd47fc00a2c39e90264f33305004495a9","hash":"d96411ba6e943bffa2db6412f6e7d213c247329d","contentHash":"738b1106dd3dea804ad38fbcb6757156e7bbf8203f72a372822f9356e185bca0"}
,"C:\\Users\\Sandhiya\\Desktop\\SE_Project2\\Unit_Conversion_2024\\code\\conversions\\compound_conversion.js": {"path":"C:\\Users\\Sandhiya\\Desktop\\SE_Project2\\Unit_Conversion_2024\\code\\conversions\\compound_conversion.js","statementMap":{"0":{"start":{"line":1,"column":30},"end":{"line":7,"column":1}},"1":{"start":{"line":2,"column":28},"end":{"line":2,"column":43}},"2":{"start":{"line":3,"column":28},"end":{"line":3,"column":43}},"3":{"start":{"line":4,"column":34},"end":{"line":4,"column":49}},"4":{"start":{"line":5,"column":34},"end":{"line":5,"column":49}},"5":{"start":{"line":6,"column":32},"end":{"line":6,"column":48}},"6":{"start":{"line":9,"column":25},"end":{"line":15,"column":1}},"7":{"start":{"line":10,"column":26},"end":{"line":10,"column":37}},"8":{"start":{"line":11,"column":26},"end":{"line":11,"column":37}},"9":{"start":{"line":12,"column":27},"end":{"line":12,"column":42}},"10":{"start":{"line":13,"column":27},"end":{"line":13,"column":42}},"11":{"start":{"line":14,"column":28},"end":{"line":14,"column":41}},"12":{"start":{"line":17,"column":31},"end":{"line":23,"column":1}},"13":{"start":{"line":18,"column":30},"end":{"line":18,"column":49}},"14":{"start":{"line":19,"column":30},"end":{"line":19,"column":49}},"15":{"start":{"line":20,"column":33},"end":{"line":20,"column":49}},"16":{"start":{"line":21,"column":33},"end":{"line":21,"column":49}},"17":{"start":{"line":22,"column":27},"end":{"line":22,"column":45}},"18":{"start":{"line":25,"column":22},"end":{"line":29,"column":1}},"19":{"start":{"line":31,"column":26},"end":{"line":53,"column":1}},"20":{"start":{"line":57,"column":0},"end":{"line":99,"column":3}},"21":{"start":{"line":58,"column":27},"end":{"line":58,"column":73}},"22":{"start":{"line":59,"column":23},"end":{"line":59,"column":65}},"23":{"start":{"line":63,"column":21},"end":{"line":63,"column":43}},"24":{"start":{"line":64,"column":20},"end":{"line":64,"column":47}},"25":{"start":{"line":65,"column":4},"end":{"line":65,"column":32}},"26":{"start":{"line":67,"column":4},"end":{"line":72,"column":5}},"27":{"start":{"line":68,"column":21},"end":{"line":68,"column":53}},"28":{"start":{"line":69,"column":6},"end":{"line":69,"column":25}},"29":{"start":{"line":70,"column":6},"end":{"line":70,"column":33}},"30":{"start":{"line":71,"column":6},"end":{"line":71,"column":39}},"31":{"start":{"line":77,"column":21},"end":{"line":77,"column":73}},"32":{"start":{"line":78,"column":17},"end":{"line":78,"column":65}},"33":{"start":{"line":79,"column":18},"end":{"line":79,"column":74}},"34":{"start":{"line":81,"column":4},"end":{"line":84,"column":5}},"35":{"start":{"line":82,"column":6},"end":{"line":82,"column":85}},"36":{"start":{"line":83,"column":6},"end":{"line":83,"column":13}},"37":{"start":{"line":86,"column":27},"end":{"line":86,"column":56}},"38":{"start":{"line":87,"column":19},"end":{"line":87,"column":40}},"39":{"start":{"line":88,"column":4},"end":{"line":88,"column":75}},"40":{"start":{"line":92,"column":2},"end":{"line":92,"column":69}},"41":{"start":{"line":95,"column":2},"end":{"line":95,"column":86}},"42":{"start":{"line":98,"column":2},"end":{"line":98,"column":26}},"43":{"start":{"line":101,"column":0},"end":{"line":105,"column":2}}},"fnMap":{"0":{"name":"(anonymous_0)","decl":{"start":{"line":2,"column":17},"end":{"line":2,"column":18}},"loc":{"start":{"line":2,"column":28},"end":{"line":2,"column":43}},"line":2},"1":{"name":"(anonymous_1)","decl":{"start":{"line":3,"column":17},"end":{"line":3,"column":18}},"loc":{"start":{"line":3,"column":28},"end":{"line":3,"column":43}},"line":3},"2":{"name":"(anonymous_2)","decl":{"start":{"line":4,"column":23},"end":{"line":4,"column":24}},"loc":{"start":{"line":4,"column":34},"end":{"line":4,"column":49}},"line":4},"3":{"name":"(anonymous_3)","decl":{"start":{"line":5,"column":23},"end":{"line":5,"column":24}},"loc":{"start":{"line":5,"column":34},"end":{"line":5,"column":49}},"line":5},"4":{"name":"(anonymous_4)","decl":{"start":{"line":6,"column":21},"end":{"line":6,"column":22}},"loc":{"start":{"line":6,"column":32},"end":{"line":6,"column":48}},"line":6},"5":{"name":"(anonymous_5)","decl":{"start":{"line":10,"column":15},"end":{"line":10,"column":16}},"loc":{"start":{"line":10,"column":26},"end":{"line":10,"column":37}},"line":10},"6":{"name":"(anonymous_6)","decl":{"start":{"line":11,"column":15},"end":{"line":11,"column":16}},"loc":{"start":{"line":11,"column":26},"end":{"line":11,"column":37}},"line":11},"7":{"name":"(anonymous_7)","decl":{"start":{"line":12,"column":16},"end":{"line":12,"column":17}},"loc":{"start":{"line":12,"column":27},"end":{"line":12,"column":42}},"line":12},"8":{"name":"(anonymous_8)","decl":{"start":{"line":13,"column":16},"end":{"line":13,"column":17}},"loc":{"start":{"line":13,"column":27},"end":{"line":13,"column":42}},"line":13},"9":{"name":"(anonymous_9)","decl":{"start":{"line":14,"column":17},"end":{"line":14,"column":18}},"loc":{"start":{"line":14,"column":28},"end":{"line":14,"column":41}},"line":14},"10":{"name":"(anonymous_10)","decl":{"start":{"line":18,"column":19},"end":{"line":18,"column":20}},"loc":{"start":{"line":18,"column":30},"end":{"line":18,"column":49}},"line":18},"11":{"name":"(anonymous_11)","decl":{"start":{"line":19,"column":19},"end":{"line":19,"column":20}},"loc":{"start":{"line":19,"column":30},"end":{"line":19,"column":49}},"line":19},"12":{"name":"(anonymous_12)","decl":{"start":{"line":20,"column":22},"end":{"line":20,"column":23}},"loc":{"start":{"line":20,"column":33},"end":{"line":20,"column":49}},"line":20},"13":{"name":"(anonymous_13)","decl":{"start":{"line":21,"column":22},"end":{"line":21,"column":23}},"loc":{"start":{"line":21,"column":33},"end":{"line":21,"column":49}},"line":21},"14":{"name":"(anonymous_14)","decl":{"start":{"line":22,"column":16},"end":{"line":22,"column":17}},"loc":{"start":{"line":22,"column":27},"end":{"line":22,"column":45}},"line":22},"15":{"name":"(anonymous_15)","decl":{"start":{"line":57,"column":46},"end":{"line":57,"column":47}},"loc":{"start":{"line":57,"column":52},"end":{"line":99,"column":1}},"line":57},"16":{"name":"updateConversionTypes","decl":{"start":{"line":62,"column":11},"end":{"line":62,"column":32}},"loc":{"start":{"line":62,"column":35},"end":{"line":73,"column":3}},"line":62},"17":{"name":"performConversion","decl":{"start":{"line":76,"column":11},"end":{"line":76,"column":28}},"loc":{"start":{"line":76,"column":31},"end":{"line":89,"column":3}},"line":76}},"branchMap":{"0":{"loc":{"start":{"line":81,"column":4},"end":{"line":84,"column":5}},"type":"if","locations":[{"start":{"line":81,"column":4},"end":{"line":84,"column":5}},{"start":{"line":81,"column":4},"end":{"line":84,"column":5}}],"line":81}},"s":{"0":1,"1":5,"2":1,"3":1,"4":1,"5":1,"6":1,"7":5,"8":1,"9":1,"10":1,"11":1,"12":1,"13":5,"14":1,"15":1,"16":1,"17":1,"18":1,"19":1,"20":1,"21":1,"22":1,"23":0,"24":0,"25":0,"26":0,"27":0,"28":0,"29":0,"30":0,"31":0,"32":0,"33":0,"34":0,"35":0,"36":0,"37":0,"38":0,"39":0,"40":1,"41":0,"42":0,"43":1},"f":{"0":5,"1":1,"2":1,"3":1,"4":1,"5":5,"6":1,"7":1,"8":1,"9":1,"10":5,"11":1,"12":1,"13":1,"14":1,"15":1,"16":0,"17":0},"b":{"0":[0,0]},"_coverageSchema":"1a1c01bbd47fc00a2c39e90264f33305004495a9","hash":"220b84682e8aa5fa983c17951b05fc07362314fc","contentHash":"125f3956d356ec9e046a3981a04f72b69849dbda7e3ce73a9d123849880746e6"}
,"C:\\Users\\Sandhiya\\Desktop\\SE_Project2\\Unit_Conversion_2024\\code\\conversions\\conversion.js": {"path":"C:\\Users\\Sandhiya\\Desktop\\SE_Project2\\Unit_Conversion_2024\\code\\conversions\\conversion.js","statementMap":{"0":{"start":{"line":5,"column":22},"end":{"line":9,"column":1}},"1":{"start":{"line":6,"column":16},"end":{"line":6,"column":44}},"2":{"start":{"line":7,"column":17},"end":{"line":7,"column":67}},"3":{"start":{"line":8,"column":2},"end":{"line":8,"column":33}},"4":{"start":{"line":11,"column":26},"end":{"line":18,"column":1}},"5":{"start":{"line":12,"column":2},"end":{"line":16,"column":3}},"6":{"start":{"line":13,"column":4},"end":{"line":15,"column":5}},"7":{"start":{"line":17,"column":2},"end":{"line":17,"column":41}},"8":{"start":{"line":24,"column":30},"end":{"line":26,"column":1}},"9":{"start":{"line":25,"column":2},"end":{"line":25,"column":36}},"10":{"start":{"line":34,"column":26},"end":{"line":45,"column":1}},"11":{"start":{"line":35,"column":12},"end":{"line":35,"column":14}},"12":{"start":{"line":36,"column":18},"end":{"line":38,"column":4}},"13":{"start":{"line":37,"column":4},"end":{"line":37,"column":77}},"14":{"start":{"line":40,"column":2},"end":{"line":42,"column":4}},"15":{"start":{"line":41,"column":4},"end":{"line":41,"column":80}},"16":{"start":{"line":44,"column":2},"end":{"line":44,"column":12}},"17":{"start":{"line":48,"column":0},"end":{"line":51,"column":1}}},"fnMap":{"0":{"name":"(anonymous_0)","decl":{"start":{"line":5,"column":22},"end":{"line":5,"column":23}},"loc":{"start":{"line":5,"column":34},"end":{"line":9,"column":1}},"line":5},"1":{"name":"(anonymous_1)","decl":{"start":{"line":11,"column":26},"end":{"line":11,"column":27}},"loc":{"start":{"line":11,"column":49},"end":{"line":18,"column":1}},"line":11},"2":{"name":"(anonymous_2)","decl":{"start":{"line":24,"column":30},"end":{"line":24,"column":31}},"loc":{"start":{"line":24,"column":56},"end":{"line":26,"column":1}},"line":24},"3":{"name":"(anonymous_3)","decl":{"start":{"line":34,"column":26},"end":{"line":34,"column":27}},"loc":{"start":{"line":34,"column":82},"end":{"line":45,"column":1}},"line":34},"4":{"name":"(anonymous_4)","decl":{"start":{"line":36,"column":37},"end":{"line":36,"column":38}},"loc":{"start":{"line":36,"column":49},"end":{"line":38,"column":3}},"line":36},"5":{"name":"(anonymous_5)","decl":{"start":{"line":40,"column":18},"end":{"line":40,"column":19}},"loc":{"start":{"line":40,"column":25},"end":{"line":42,"column":3}},"line":40}},"branchMap":{"0":{"loc":{"start":{"line":7,"column":17},"end":{"line":7,"column":67}},"type":"cond-expr","locations":[{"start":{"line":7,"column":30},"end":{"line":7,"column":49}},{"start":{"line":7,"column":52},"end":{"line":7,"column":67}}],"line":7},"1":{"loc":{"start":{"line":12,"column":2},"end":{"line":16,"column":3}},"type":"if","locations":[{"start":{"line":12,"column":2},"end":{"line":16,"column":3}},{"start":{"line":12,"column":2},"end":{"line":16,"column":3}}],"line":12},"2":{"loc":{"start":{"line":37,"column":11},"end":{"line":37,"column":77}},"type":"binary-expr","locations":[{"start":{"line":37,"column":11},"end":{"line":37,"column":42}},{"start":{"line":37,"column":46},"end":{"line":37,"column":77}}],"line":37}},"s":{"0":1,"1":0,"2":0,"3":0,"4":1,"5":0,"6":0,"7":0,"8":1,"9":66,"10":1,"11":103,"12":103,"13":622,"14":103,"15":0,"16":103,"17":1},"f":{"0":0,"1":0,"2":66,"3":103,"4":622,"5":0},"b":{"0":[0,0],"1":[0,0],"2":[622,0]},"_coverageSchema":"1a1c01bbd47fc00a2c39e90264f33305004495a9","hash":"6790bded79e22d60a7efc7146f6f33b8c7588fdd","contentHash":"8e95f5bb8c5ae3402432ff63d3863355c9d09b1b403c3287a8b4cf21f44cb21e"}
}
